Reconciler error error failed to pivot move resource failed to move configmap to target cluster failed to move configmap <*> error copying ConfigMap <*> to target cluster Post https <*> <*> <*> context deadline exceeded controller spectrocluster name <*> namespace <*>
Reconciler error error unable to install crd failed to get deployment <*> timed out waiting for the condition controller spectrocluster name <*> namespace <*>
Couldn t reconcile node routes error listing routes unable to find route table for AWS cluster <*>
error retrieving resource lock <*> Get https <*> <*> <*> dial tcp <IP> <*> connect connection refused
Failed to watch <*> failed to list <*> Get https <*> <*> <*> 500&resourceVersion 0 dial tcp <IP> <*> connect connection refused
error retrieving resource lock <*> <*> <*> is forbidden User system <*> cannot get resource leases in API group <*> in the namespace <*>
error retrieving resource lock <*> Get https <*> <*> <*> <*> <*> <*> Client.Timeout exceeded while awaiting headers
Failed to watch <*> failed to list <*> Get https <*> <*> 500&resourceVersion 0 dial tcp <IP> <*> connect connection refused
Auditing failed of request encoding failed authentication.TokenRequest is not suitable for converting to <*> in scheme <*> <*>
error retrieving resource lock <*> Get https <*> <*> <*> context deadline exceeded
<*> <*> <*> <*> no error handler specified with the subscriber. going with default error handler
Failed to verify datastore error Get https <*> <*> context deadline exceeded
Failed to reach apiserver error Get https <*> <*> context deadline exceeded
Watch error received from Upstream ListRoot <*> error too old resource version <*> <*>
Reconciler error error failed to reconcile control plane for AWSManagedControlPlane <*> failed reconciling cluster config failed to update EKS cluster InvalidRequestException Provided subnets <*> Free IPs <*> need at least <*> IPs in each subnet to be free for this operation n n RespMetadata n StatusCode <*> n RequestID <*> n n Message_ Provided subnets <*> Free IPs <*> need at least <*> IPs in each subnet to be free for this operation n controller awsmanagedcontrolplane name <*> namespace <*>
unable to parse crd file continue to next error couldn t get version/kind; json parse error json cannot unmarshal array into Go value of type struct APIVersion string json apiVersion omitempty ; Kind string json kind omitempty spectrocluster Namespace <*> Name <*> failed file <*>
Failed to watch <*> failed to list <*> <*> is forbidden User system <*> cannot list resource <*> in API group at the cluster scope
error spectrocluster Namespace <*> Name <*> message Warning kubectl apply should be used on resource created by either kubectl create <*> or kubectl apply
Failed to get Cluster %s for MachinePool. error <*> <*> not found machinepool Namespace <*> Name <*> <*> null
Failed to watch <*> failed to list <*> <*> is forbidden User system <*> cannot list resource <*> in API group <*> at the cluster scope
Reconciler error error failed to get cluster <*> for machinepool <*> in namespace <*> <*> <*> not found controller machinepool name <*> namespace <*>
error retrieving resource lock <*> Get https <*> <*> <*> <*> request canceled Client.Timeout exceeded while awaiting headers
Failed to get node <*> nodes <*> not found cluster <*>
Failed to update machine for pool <*> nodes <*> not found cluster <*>
Failed to create/update machines in pool <*> nodes <*> not found cluster <*>
error retrieving resource lock <*> the server was unable to return a response in the time allotted but may still be processing the request get <*> <*>
Reconciler error error <*> <*> not found controller awsmanagedmachinepool name <*> namespace <*>
Reconciler error error failed to reconcile control plane for AWSManagedControlPlane <*> failed reconciling cluster config failed to update EKS cluster ResourceInUseException Cannot EndpointAccessUpdate because cluster <*> currently has update <*> in progress n n RespMetadata n StatusCode <*> n RequestID <*> n n ClusterName <*> n Message_ Cannot EndpointAccessUpdate because cluster <*> currently has update <*> in progress n controller awsmanagedcontrolplane name <*> namespace <*>
getting client for remote cluster error Get https <*> <*> dial tcp <IP> <*> i/o timeout cluster <*> eksControlPlane <*> namespace <*>
Reconciler error error failed to reconcile <*> config for AWSManagedControlPlane <*> getting client for remote cluster Get https <*> <*> dial tcp <IP> <*> i/o timeout controller awsmanagedcontrolplane name <*> namespace <*>
error syncing CronJobController <*> requeuing Operation cannot be fulfilled on cronjobs.batch packsync the object has been modified; please apply your changes to the latest version and try again
Reconciler error error failed to create client for Cluster <*> Get https <*> <*> dial tcp <IP> <*> i/o timeout controller machinepool name <*> namespace <*>
Failed to update SpectroClusterStatusConditions Code ClusterOperationNotAllowed Msg cluster operation cluster conditionType update not allowed with cluster state Deleted Ref <*> Details <nil> cluster <*>
Failed to push status conditions & Code ClusterOperationNotAllowed Details <nil> Message cluster operation cluster conditionType update not allowed with cluster state Deleted Ref <*> cluster <*>
Failed to process spectro cluster status event & Code ClusterOperationNotAllowed Details <nil> Message cluster operation cluster conditionType update not allowed with cluster state Deleted Ref <*> cluster <*>
Failed to access interface because it doesn t exist. error Link not found ifaceName <*> ifaceRegex <*> ipVersion <HEX>
Failed to get interface; it s <*> error Link not found ifaceName <*> ifaceRegex <*> ipVersion <HEX>
Failed to delete route error no such process ifaceName <*> ifaceRegex <*> ipVersion <HEX>
Interface was deleted during operation filtering error error netlink update operation failed ifaceName <*> ifaceRegex <*> ipVersion <HEX>
Reconciler error error failed to reconcile control plane for AWSManagedControlPlane <*> failed to wait for cluster to be active failed to wait for eks control plane <*> ResourceNotReady exceeded wait attempts controller awsmanagedcontrolplane name <*> namespace <*>
<DATE> <TIME> W | etcdserver read-only range request key <*> with result error context canceled took too long <*> to execute
WARNING <*> <*> <*> <*> grpc <*> failed to write status connection error desc transport is closing
<DATE> <TIME> W | etcdserver read-only range request key <*> with result error etcdserver request timed out took too long <*> to execute
<DATE> <TIME> W | etcdserver read-only range request key <*> range_end <*> with result error etcdserver request timed out took too long <*> to execute
<DATE> <TIME> W | etcdserver read-only range request key <*> range_end <*> count_only true with result error etcdserver request timed out took too long <*> to execute
<DATE> <TIME> W | etcdserver failed to send out heartbeat on time exceeded the <*> timeout for <*> to <*>
failed executing identity provider procedure error failed associating identity provider InvalidRequestException Cluster is marked for Deletion n n RespMetadata n StatusCode <*> n RequestID <*> n n ClusterName <*> n Message_ Cluster is marked for Deletion n cluster <*> eksControlPlane <*> namespace <*> name associate_identity_provider
Reconciler error error failed to reconcile control plane for AWSManagedControlPlane <*> failed reconciling eks identity provider associate_identity_provider failed associating identity provider InvalidRequestException Cluster is marked for Deletion n n RespMetadata n StatusCode <*> n RequestID <*> n n ClusterName <*> n Message_ Cluster is marked for Deletion n controller awsmanagedcontrolplane name <*> namespace <*>
Reconciler error error failed to reconcile control plane for AWSManagedControlPlane <*> failed to create cluster failed to create EKS cluster Internal server error n tstatus code <*> request id <*> controller awsmanagedcontrolplane name <*> namespace <*>
Reconciler error error failed to reconcile control plane for AWSManagedControlPlane <*> failed to create cluster failed to create EKS cluster TooManyRequestsException n tstatus code <*> request id <*> controller awsmanagedcontrolplane name <*> namespace <*>
failed executing identity provider procedure error failed associating identity provider InvalidRequestException Cluster is currently not in Active State so it cannot be updated n n RespMetadata n StatusCode <*> n RequestID <*> n n ClusterName <*> n Message_ Cluster is currently not in Active State so it cannot be updated n cluster <*> eksControlPlane <*> namespace <*> name associate_identity_provider
Reconciler error error failed to reconcile control plane for AWSManagedControlPlane <*> failed reconciling eks identity provider associate_identity_provider failed associating identity provider InvalidRequestException Cluster is currently not in Active State so it cannot be updated n n RespMetadata n StatusCode <*> n RequestID <*> n n ClusterName <*> n Message_ Cluster is currently not in Active State so it cannot be updated n controller awsmanagedcontrolplane name <*> namespace <*>
Reconciler error error failed to reconcile control plane for AWSManagedControlPlane <*> checking owner of <*> is <*> %!w <nil> controller awsmanagedcontrolplane name <*> namespace <*>
<DATE> <TIME> I | embed rejected connection from <IP> <*> error EOF ServerName
Auditing failed of request encoding failed no kind Scale is registered for version <*> in scheme <*> <*>
Reconciler error error failed to create client for Cluster <*> Get https <*> <*> dial tcp lookup <*> on <IP> <*> no such host controller machinepool name <*> namespace <*>
failed to list all deployments spectrocluster Namespace <*> Name <*> error detail Op Get URL https <*> <*> Err
failed to list all ingress spectrocluster Namespace <*> Name <*> error detail Op Get URL https <*> <*> Err
failed to list all services spectrocluster Namespace <*> Name <*> error detail Op Get URL https <*> <*> Err
failed to list all ingress spectrocluster Namespace <*> Name <*> error detail Op Get URL https <*> <*> Err Op dial Net tcp Source null Addr IP <IP> Port <*> Zone Err
failed to list all services spectrocluster Namespace <*> Name <*> error detail Op Get URL https <*> <*> Err Op dial Net tcp Source null Addr IP <IP> Port <*> Zone Err
failed to list all deployments spectrocluster Namespace <*> Name <*> error detail Op Get URL https <*> <*> Err Op dial Net tcp Source null Addr IP <IP> Port <*> Zone Err
<DATE> <TIME> W | etcdserver/api/etcdhttp <*> error; QGET failed etcdserver request timed out possibly due to previous leader failure status code <*>
<DATE> <TIME> I | rafthttp peer <*> became inactive message send to peer failed
Failed to fetch SpectroCluster definitionsCode ResourceNotFound Msg Cluster <*> is not found Ref <*> Details <nil> cluster <*>
error deleting network for AWSManagedControlPlane error error patching conditions The condition ClusterSecurityGroupsReady was modified by a different process and this caused a merge/ChangeCondition conflict <*> n t... <*> <*> identical fields n tSeverity Info n tLastTransitionTime Time s <DATE> <TIME> UTC <*> tReason Deleting n+ tReason Deleted n tMessage n n name <*> namespace <*>
Failed to get spectro cluster & Code ResourceNotFound Details <nil> Message Cluster <*> is not found Ref <*> cluster <*>
Reconciler error error error patching conditions The condition ClusterSecurityGroupsReady was modified by a different process and this caused a merge/ChangeCondition conflict <*> n t... <*> <*> identical fields n tSeverity Info n tLastTransitionTime Time s <DATE> <TIME> UTC <*> tReason Deleting n+ tReason Deleted n tMessage n n controller awsmanagedcontrolplane name <*> namespace <*>
Failed to get cloud type from spectro cluster & Code ResourceNotFound Details <nil> Message Cluster <*> is not found Ref <*> cluster <*>
Failed to initialize cloud orchestrator & Code ResourceNotFound Details <nil> Message Cluster <*> is not found Ref <*> cluster <*>
error deleting network for AWSManagedControlPlane error failed to detach internet gateway <*> DependencyViolation Network <*> has some mapped public address es . Please unmap those public address es before detaching the gateway. n tstatus code <*> request id <*> name <*> namespace <*>
Reconciler error error failed to detach internet gateway <*> DependencyViolation Network <*> has some mapped public address es . Please unmap those public address es before detaching the gateway. n tstatus code <*> request id <*> controller awsmanagedcontrolplane name <*> namespace <*>
error deleting network for AWSManagedControlPlane error error patching conditions The condition ClusterSecurityGroupsReady was modified by a different process and this caused a merge/ChangeCondition conflict <*> n tType ClusterSecurityGroupsReady n tStatus False n tSeverity Info <*> tLastTransitionTime <*> Time s <DATE> <TIME> UTC n+ tLastTransitionTime <*> Time s <DATE> <TIME> UTC <*> tReason Deleting n+ tReason Deleted n tMessage n n name <*> namespace <*>
Reconciler error error error patching conditions The condition ClusterSecurityGroupsReady was modified by a different process and this caused a merge/ChangeCondition conflict <*> n tType ClusterSecurityGroupsReady n tStatus False n tSeverity Info <*> tLastTransitionTime <*> Time s <DATE> <TIME> UTC n+ tLastTransitionTime <*> Time s <DATE> <TIME> UTC <*> tReason Deleting n+ tReason Deleted n tMessage n n controller awsmanagedcontrolplane name <*> namespace <*>
Calico Node referenced in IPAM data does not exist error resource does not exist Node <*> with error nodes <*> not found
Failed to watch <*> failed to list <*> Get https <*> <*> 500&resourceVersion 0 <*> TLS handshake timeout
error deleting general security groups for AWSManagedControlPlane error failed to describe cluster-owned security groups in vpc <*> RequestLimitExceeded Request limit exceeded. n tstatus code <*> request id <*> name <*> namespace <*>
Reconciler error error failed to describe cluster-owned security groups in vpc <*> RequestLimitExceeded Request limit exceeded. n tstatus code <*> request id <*> controller awsmanagedcontrolplane name <*> namespace <*>
Failed to watch <*> failed to list <*> Get https <*> <*> <*> 500&resourceVersion 0 <*> TLS handshake timeout
Successfully loaded configuration. GOMAXPROCS 4 builddate <DATETIME>+0000 config &config.Config UseInternalDataplaneDriver true DataplaneDriver <*> WireguardEnabled false WireguardListeningPort <*> WireguardRoutingRulePriority <*> WireguardInterfaceName wireguard.cali WireguardMTU 0 BPFEnabled false BPFDisableUnprivileged true BPFLogLevel off BPFDataIfacePattern *regexp.Regexp <HEX> BPFConnectTimeLoadBalancingEnabled true BPFExternalServiceMode tunnel BPFKubeProxyIptablesCleanupEnabled true BPFKubeProxyMinSyncPeriod <*> BPFKubeProxyEndpointSlicesEnabled false BPFExtToServiceConnmark 0 DebugBPFCgroupV2 DebugBPFMapRepinEnabled true DatastoreType kubernetes FelixHostname <*> EtcdAddr <IP> <*> EtcdScheme http EtcdKeyFile EtcdCertFile EtcdCaFile EtcdEndpoints string nil TyphaAddr TyphaK8sServiceName TyphaK8sNamespace <*> TyphaReadTimeout <*> TyphaWriteTimeout <*> TyphaKeyFile TyphaCertFile TyphaCAFile TyphaCN TyphaURISAN Ipv6Support false IptablesBackend auto RouteRefreshInterval <*> InterfaceRefreshInterval <*> DeviceRouteSourceAddress net.IP nil DeviceRouteProtocol <*> RemoveExternalRoutes true IptablesRefreshInterval <*> IptablesPostWriteCheckIntervalSecs <*> IptablesLockFilePath <*> IptablesLockTimeoutSecs 0 IptablesLockProbeIntervalMillis <*> FeatureDetectOverride map string string nil IpsetsRefreshInterval <*> MaxIpsetSize <*> XDPRefreshInterval <*> PolicySyncPathPrefix NetlinkTimeoutSecs <*> MetadataAddr MetadataPort <*> OpenstackRegion InterfacePrefix cali InterfaceExclude *regexp.Regexp *regexp.Regexp <HEX> ChainInsertMode insert DefaultEndpointToHostAction ACCEPT IptablesFilterAllowAction ACCEPT IptablesMangleAllowAction ACCEPT LogPrefix <*> LogFilePath LogSeverityFile LogSeverityScreen INFO LogSeveritySys VXLANEnabled false VXLANPort <*> VXLANVNI <*> VXLANMTU 0 IPv4VXLANTunnelAddr net.IP nil VXLANTunnelMACAddr IpInIpEnabled true IpInIpMtu 0 IpInIpTunnelAddr net.IP <HEX> <HEX> <HEX> <HEX> <HEX> <HEX> <HEX> <HEX> <HEX> <HEX> <HEX> <HEX> <HEX> <HEX> <HEX> <HEX> AllowVXLANPacketsFromWorkloads false AllowIPIPPacketsFromWorkloads false AWSSrcDstCheck DoNothing ServiceLoopPrevention Drop ReportingIntervalSecs 0 ReportingTTLSecs <*> EndpointReportingEnabled false EndpointReportingDelaySecs <*> IptablesMarkMask <HEX> DisableConntrackInvalidCheck false HealthEnabled true HealthPort <*> HealthHost localhost PrometheusMetricsEnabled false PrometheusMetricsHost PrometheusMetricsPort <*> PrometheusGoMetricsEnabled true PrometheusProcessMetricsEnabled true FailsafeInboundHostPorts config.ProtoPort config.ProtoPort Net Protocol tcp Port <HEX> config.ProtoPort Net Protocol udp Port <HEX> config.ProtoPort Net Protocol tcp Port <HEX> config.ProtoPort Net Protocol tcp Port <HEX> config.ProtoPort Net Protocol tcp Port <HEX> config.ProtoPort Net Protocol tcp Port <HEX> config.ProtoPort Net Protocol tcp Port <HEX> config.ProtoPort Net Protocol tcp Port <HEX> config.ProtoPort Net Protocol tcp Port <HEX> FailsafeOutboundHostPorts config.ProtoPort config.ProtoPort Net Protocol udp Port <HEX> config.ProtoPort Net Protocol udp Port <HEX> config.ProtoPort Net Protocol tcp Port <HEX> config.ProtoPort Net Protocol tcp Port <HEX> config.ProtoPort Net Protocol tcp Port <HEX> config.ProtoPort Net Protocol tcp Port <HEX> config.ProtoPort Net Protocol tcp Port <HEX> config.ProtoPort Net Protocol tcp Port <HEX> config.ProtoPort Net Protocol tcp Port <HEX> KubeNodePortRanges numorstring.Port numorstring.Port MinPort <HEX> MaxPort <HEX> PortName NATPortRange numorstring.Port MinPort <HEX> MaxPort <HEX> PortName NATOutgoingAddress net.IP nil UsageReportingEnabled true UsageReportingInitialDelaySecs <*> UsageReportingIntervalSecs <*> ClusterGUID <*> ClusterType k8s bgp kdd kubeadm CalicoVersion <*> ExternalNodesCIDRList string nil DebugMemoryProfilePath DebugCPUProfilePath <*> DebugDisableLogDropping false DebugSimulateCalcGraphHangAfter 0 DebugSimulateDataplaneHangAfter 0 DebugPanicAfter 0 DebugSimulateDataRace false RouteSource CalicoIPAM RouteTableRange idalloc.IndexRange Min <*> Max <*> IptablesNATOutgoingInterfaceFilter SidecarAccelerationEnabled false XDPEnabled true GenericXDPEnabled false Variant Calico MTUIfacePattern *regexp.Regexp <HEX> internalOverrides map string string sourceToRawConfig map config.Source map string string <HEX> map string string CalicoVersion <*> ClusterGUID <*> ClusterType k8s bgp kdd kubeadm IpInIpEnabled true LogSeverityScreen Info ReportingIntervalSecs 0 <HEX> map string string IpInIpTunnelAddr <IP> <HEX> map string string LogFilePath None LogSeverityFile None LogSeveritySys None MetadataAddr None <HEX> map string string datastoretype kubernetes defaultendpointtohostaction ACCEPT felixhostname <*> healthenabled true ipinipmtu 0 ipv6support false rawValues map string string CalicoVersion <*> ClusterGUID <*> ClusterType k8s bgp kdd kubeadm DatastoreType kubernetes DefaultEndpointToHostAction ACCEPT FelixHostname <*> HealthEnabled true IpInIpEnabled true IpInIpMtu 0 IpInIpTunnelAddr <IP> Ipv6Support false LogFilePath None LogSeverityFile None LogSeverityScreen Info LogSeveritySys None MetadataAddr None ReportingIntervalSecs 0 Err error nil loadClientConfigFromEnvironment func <*> error <HEX> useNodeResourceUpdates false gitcommit <*> version <*>
Creating internal dataplane driver. config intdataplane.Config Hostname <*> IPv6Enabled false RuleRendererOverride rules.RuleRenderer nil IPIPMTU 0 VXLANMTU 0 VXLANPort <*> MaxIPSetSize <*> IptablesBackend auto IPSetsRefreshInterval <*> RouteRefreshInterval <*> DeviceRouteSourceAddress net.IP nil DeviceRouteProtocol <*> RemoveExternalRoutes true IptablesRefreshInterval <*> IptablesPostWriteCheckInterval <*> IptablesInsertMode insert IptablesLockFilePath <*> IptablesLockTimeout 0 IptablesLockProbeInterval <*> XDPRefreshInterval <*> Wireguard wireguard.Config Enabled false ListeningPort <*> FirewallMark 0 RoutingRulePriority <*> RoutingTableIndex <*> InterfaceName wireguard.cali MTU 0 NetlinkTimeout <*> RulesConfig rules.Config IPSetConfigV4 *ipsets.IPVersionConfig <HEX> IPSetConfigV6 *ipsets.IPVersionConfig <HEX> WorkloadIfacePrefixes string cali IptablesMarkAccept <HEX> IptablesMarkPass <HEX> IptablesMarkScratch0 <HEX> IptablesMarkScratch1 <HEX> IptablesMarkEndpoint <HEX> IptablesMarkNonCaliEndpoint <HEX> KubeNodePortRanges numorstring.Port numorstring.Port MinPort <HEX> MaxPort <HEX> PortName KubeIPVSSupportEnabled false OpenStackMetadataIP net.IP nil OpenStackMetadataPort <HEX> OpenStackSpecialCasesEnabled false VXLANEnabled false VXLANPort <*> VXLANVNI <*> IPIPEnabled true IPIPTunnelAddress net.IP <HEX> <HEX> <HEX> <HEX> <HEX> <HEX> <HEX> <HEX> <HEX> <HEX> <HEX> <HEX> <HEX> <HEX> <HEX> <HEX> VXLANTunnelAddress net.IP nil AllowVXLANPacketsFromWorkloads false AllowIPIPPacketsFromWorkloads false WireguardEnabled false WireguardInterfaceName wireguard.cali IptablesLogPrefix <*> EndpointToHostAction ACCEPT IptablesFilterAllowAction ACCEPT IptablesMangleAllowAction ACCEPT FailsafeInboundHostPorts config.ProtoPort config.ProtoPort Net Protocol tcp Port <HEX> config.ProtoPort Net Protocol udp Port <HEX> config.ProtoPort Net Protocol tcp Port <HEX> config.ProtoPort Net Protocol tcp Port <HEX> config.ProtoPort Net Protocol tcp Port <HEX> config.ProtoPort Net Protocol tcp Port <HEX> config.ProtoPort Net Protocol tcp Port <HEX> config.ProtoPort Net Protocol tcp Port <HEX> config.ProtoPort Net Protocol tcp Port <HEX> FailsafeOutboundHostPorts config.ProtoPort config.ProtoPort Net Protocol udp Port <HEX> config.ProtoPort Net Protocol udp Port <HEX> config.ProtoPort Net Protocol tcp Port <HEX> config.ProtoPort Net Protocol tcp Port <HEX> config.ProtoPort Net Protocol tcp Port <HEX> config.ProtoPort Net Protocol tcp Port <HEX> config.ProtoPort Net Protocol tcp Port <HEX> config.ProtoPort Net Protocol tcp Port <HEX> config.ProtoPort Net Protocol tcp Port <HEX> DisableConntrackInvalid false NATPortRange numorstring.Port MinPort <HEX> MaxPort <HEX> PortName IptablesNATOutgoingInterfaceFilter NATOutgoingAddress net.IP nil BPFEnabled false ServiceLoopPrevention Drop IfaceMonitorConfig ifacemonitor.Config InterfaceExcludes *regexp.Regexp *regexp.Regexp <HEX> ResyncInterval <*> StatusReportingInterval 0 ConfigChangedRestartCallback func <HEX> FatalErrorRestartCallback func error <HEX> PostInSyncCallback func <HEX> HealthAggregator <*> <HEX> RouteTableManager <*> <HEX> DebugSimulateDataplaneHangAfter 0 ExternalNodesCidrs string nil BPFEnabled false BPFDisableUnprivileged true BPFKubeProxyIptablesCleanupEnabled true BPFLogLevel off BPFExtToServiceConnmark 0 BPFDataIfacePattern *regexp.Regexp <HEX> XDPEnabled true XDPAllowGeneric false BPFConntrackTimeouts conntrack.Timeouts CreationGracePeriod <*> TCPPreEstablished <*> TCPEstablished <*> TCPFinsSeen <*> TCPResetSeen <*> UDPLastSeen <*> GenericIPLastSeen <*> ICMPLastSeen <*> BPFCgroupV2 BPFConnTimeLBEnabled true BPFMapRepin true BPFNodePortDSREnabled false KubeProxyMinSyncPeriod <*> KubeProxyEndpointSlicesEnabled false SidecarAccelerationEnabled false LookPathOverride func string string error nil KubeClientSet <*> <HEX> FeatureDetectOverrides map string string nil hostMTU 0 MTUIfacePattern *regexp.Regexp <HEX>
attempted to modprobe nf_conntrack_proto_sctp error exit status <*> output
Unable to remove old endpoints from kubernetes service StorageError key not found Code <*> Key <*> ResourceVersion 0 AdditionalErrorMsg
<*> failed with failing or missing response from https <*> <*> Get https <*> <*> <*> request canceled while waiting for connection Client.Timeout exceeded while awaiting headers
<*> failed with failing or missing response from https <*> <*> Get https <*> <*> context deadline exceeded
<*> failed with Operation cannot be fulfilled on <*> <*> the object has been modified; please apply your changes to the latest version and try again
loading OpenAPI spec for <*> failed with failed to retrieve openAPI spec http error ResponseCode <*> Body error trying to reach service dial tcp <IP> <*> i/o timeout
error building openapi models for <*> ERROR <*> has invalid property anyOf
ERROR <*> has invalid property anyOf
<DATE> <TIME> W | etcdserver/api/etcdhttp <*> error; QGET failed etcdserver request timed out status code <*>
error deleting network for AWSManagedControlPlane error failed to describe route tables in vpc <*> failed to describe route tables in vpc <*> RequestLimitExceeded Request limit exceeded. n tstatus code <*> request id <*> name <*> namespace <*>
Reconciler error error failed to describe route tables in vpc <*> failed to describe route tables in vpc <*> RequestLimitExceeded Request limit exceeded. n tstatus code <*> request id <*> controller awsmanagedcontrolplane name <*> namespace <*>
error building openapi models for <*> ERROR <*> has invalid property anyOf
error deleting network for AWSManagedControlPlane error failed to describe internet gateways in vpc <*> RequestLimitExceeded Request limit exceeded. n tstatus code <*> request id <*> name <*> namespace <*>
Reconciler error error failed to describe internet gateways in vpc <*> RequestLimitExceeded Request limit exceeded. n tstatus code <*> request id <*> controller awsmanagedcontrolplane name <*> namespace <*>
Reconciler error error unable to install crd unable to update version config map Operation cannot be fulfilled on configmaps <*> the object has been modified; please apply your changes to the latest version and try again controller spectrocluster name <*> namespace <*>
Error getting cluster information config ClusterInformation default error etcdserver leader changed
Failed to verify datastore error etcdserver leader changed
http2 server error reading preface from client <IP> <*> read tcp <IP> <*> <*> read connection reset by peer
Error getting cluster information config ClusterInformation default error etcdserver request timed out
Failed to verify datastore error etcdserver request timed out
apiserver received an error that is not an <*> &errors.errorString s context canceled
Endpoint is in error will report error id proto.WorkloadEndpointID OrchestratorId k8s WorkloadId <*> EndpointId eth0 ipVersion <HEX> status error
deletion of namespace <*> failed unexpected items still remain in namespace <*> for gvr <*> Resource pods
Error syncing endpoint slices for service <*> retrying. Error EndpointSlice informer cache is out of date
Event occurred object <*> kind Endpoints apiVersion <*> type Warning reason FailedToUpdateEndpoint message Failed to update endpoint <*> Operation cannot be fulfilled on endpoints configserver-service the object has been modified; please apply your changes to the latest version and try again
Error syncing endpoint slices for service <*> retrying. Error EndpointSlice informer cache is out of date
Event occurred object <*> kind Endpoints apiVersion <*> type Warning reason FailedToUpdateEndpoint message Failed to update endpoint <*> Operation cannot be fulfilled on endpoints system-service the object has been modified; please apply your changes to the latest version and try again
Error syncing endpoint slices for service <*> retrying. Error EndpointSlice informer cache is out of date
Failed to extract job list etcdserver leader changed
Unable to authenticate the request due to an error invalid bearer token Token has been invalidated
apiserver received an error that is not an <*> rpctypes.EtcdError code <HEX> desc etcdserver leader changed
apiserver received an error that is not an <*> <*> <*> <*> <*> <*> <*> <*> <*>
StorageCluster Predicates failed on node <*> for storage cluster portworx for reason node s had taints that the pod didn t tolerate file storagecluster.go <*>
StorageCluster Predicates failed on node <*> for storage cluster portworx for reason node s didn t match node selector file storagecluster.go <*>
Failed to parse Failed to parse logs for pod <*> in namespace <*> as no suitable regex filter is found cluster <*>
Failed to get log lines Failed to parse logs cluster <*>
Failed to process logs Failed to parse logs cluster <*>
create volume rep CapacityBytes <*> VolumeId <*> VolumeContext map attached ATTACH_STATE_INTERNAL_SWITCH error parent readonly false secure false shared false sharedv4 false state VOLUME_STATE_DETACHED ContentSource <nil> AccessibleTopology XXX_NoUnkeyedLiteral XXX_unrecognized XXX_sizecache 0
Failed to delete mount path <*> remove <*> operation not permitted
unmount ignoring attached remote error Volume is detached. Using device path <*>
Failed to process watch event EventType 0 Name <*> WatchSource 0 task <*> not found not found
healthz check failed checker webhook-ready error Op Get URL https <*> <*> Err Op dial Net tcp Source null Addr IP <*> Port <*> Zone Err Syscall connect Err <*>
Starting EventSource controller <*> source Type metadata creationTimestamp null spec template metadata creationTimestamp null spec containers null completionPolicy failurePolicy status active 0 succeeded 0 failed 0 desired 0 phase
Starting EventSource controller <*> source Type metadata creationTimestamp null spec template metadata creationTimestamp null spec containers null completionPolicy failurePolicy status active 0 succeeded 0 failed 0 desired 0 phase
Failed predicate on node <*> node s had taints that the pod didn t tolerate
Before broadcastjob reconcile <*> desired <*> active <*> failed 0
After broadcastjob reconcile <*> desired <*> active <*> failed 0
Updating job <*> status <*> Conditions <*> nil StartTime <*> <HEX> CompletionTime <*> nil Active <*> Succeeded <*> Failed 0 Desired <*> Phase running
Error while calling home node <IP> <*> Bad Gateway
Failed to detach volume. AbortOnError false AttachedState ATTACH_STATE_INTERNAL_SWITCH Driver pxd Error Failed with status device or resource busy Format <*> Function Detaching ID <*> State VOLUME_STATE_ATTACHED Version <*>
detach failed. retry count 0 AbortOnError false AttachedState ATTACH_STATE_EXTERNAL Driver pxd Error Volume is busy Format <*> Function detachWithExponentialBackoff ID <*> State VOLUME_STATE_ATTACHED Version <*>
Error proxying data from backend to client write tcp <IP> <*> <*> write broken pipe
Error proxying data from client to backend tls use of closed connection
Failed to watch <*> failed to list <*> the server could not find the requested resource get <*>
ContainerStatus for <*> failed error an error occurred when try to find container <*> does not exist
ContainerStatus <*> from runtime service failed rpc error code Unknown desc an error occurred when try to find container <*> does not exist
pod_container_deletor DeleteContainer returned error for id containerd <*> failed to get container status <*> rpc error code Unknown desc an error occurred when try to find container <*> does not exist
Operation for volumeName <*> podName <*> nodeName failed. No retries permitted until <DATE> <TIME> <*> UTC m <*> durationBeforeRetry <*> . Error UnmountVolume.TearDown failed for volume <*> UniqueName <*> pod <*> UID <*> <*> mounter.TearDownAt failed rpc error code Internal desc Mount path still exists <*>
object- <*> <*> <*> Failed to watch <*> failed to list <*> secrets <*> is forbidden User system node <*> cannot list resource secrets in API group in the namespace <*> no relationship found between node <*> and this object
Couldn t get secret <*> failed to sync secret cache timed out waiting for the condition
Operation for volumeName <*> podName <*> nodeName failed. No retries permitted until <DATE> <TIME> <*> UTC m <*> durationBeforeRetry <*> . Error MountVolume.SetUp failed for volume <*> UniqueName <*> pod <*> UID <*> failed to sync secret cache timed out waiting for the condition
PVC <*> failed with Operation cannot be fulfilled on persistentvolumeclaims <*> StorageError invalid object Code 4 Key <*> ResourceVersion 0 AdditionalErrorMsg Precondition failed UID in precondition <*> UID in object meta
Failed to run command <*> print-logs.sh with output ~~~~~~~~~~~~~~~~~~~~~~~~~~~~~~~
Failed calling webhook failing open <*> failed calling webhook <*> Post https <*> <*> <*> dial tcp <IP> <*> connect connection refused
failed calling webhook <*> Post https <*> <*> <*> dial tcp <IP> <*> connect connection refused
Failed calling webhook failing closed <*> failed calling webhook <*> Post https <*> <*> <*> dial tcp <IP> <*> connect connection refused
Failed to run command <*> print-logs.sh . exit status <*>
Execution failed. Failed to execute command <*> print-logs.sh . exit status <*>
exit status 1Failed to run ansible task
Failed to execute task exit status 1Failed to run cmd exec task <*>
failed to keep alive rest client unauthorized error Unauthorized
